[2016-09-01 03:57:07] [log():70:host.py] INFO: Trying to connect to 10.204.33.192 using ssh ...
[2016-09-01 03:57:07] [log():70:host.py] INFO: Connection successful
[2016-09-01 03:58:19] [log():70:host.py] INFO: command: show isis adjacency
[2016-09-01 03:58:19] [log():70:host.py] INFO: response: <isis-adjacency-information style="brief">
<isis-adjacency>
<interface-name>ae0.1</interface-name>
<system-name>bedrock-scale2</system-name>
<level>1</level>
<adjacency-state>Up</adjacency-state>
<holdtime>7</holdtime>
<snpa>88:e0:f3:1e:a6:b0</snpa>
</isis-adjacency>
<isis-adjacency>
<interface-name>ae0.1</interface-name>
<system-name>bedrock-scale2</system-name>
<level>2</level>
<adjacency-state>Up</adjacency-state>
<holdtime>2</holdtime>
<snpa>88:e0:f3:1e:a6:b0</snpa>
</isis-adjacency>
<isis-adjacency>
<interface-name>ae0.10</interface-name>
<system-name>bedrock-scale2</system-name>
<level>1</level>
<adjacency-state>Up</adjacency-state>
<holdtime>8</holdtime>
<snpa>88:e0:f3:1e:a6:b0</snpa>
</isis-adjacency>
<isis-adjacency>
<interface-name>ae0.10</interface-name>
<system-name>bedrock-scale2</system-name>
<level>2</level>
<adjacency-state>Up</adjacency-state>
<holdtime>2</holdtime>
<snpa>88:e0:f3:1e:a6:b0</snpa>
</isis-adjacency>
<isis-adjacency>
<interface-name>ae0.2</interface-name>
<system-name>bedrock-scale2</system-name>
<level>1</level>
<adjacency-state>Up</adjacency-state>
<holdtime>6</holdtime>
<snpa>88:e0:f3:1e:a6:b0</snpa>
</isis-adjacency>
<isis-adjacency>
<interface-name>ae0.2</interface-name>
<system-name>bedrock-scale2</system-name>
<level>2</level>
<adjacency-state>Up</adjacency-state>
<holdtime>2</holdtime>
<snpa>88:e0:f3:1e:a6:b0</snpa>
</isis-adjacency>
<isis-adjacency>
<interface-name>ae0.3</interface-name>
<system-name>bedrock-scale2</system-name>
<level>1</level>
<adjacency-state>Up</adjacency-state>
<holdtime>8</holdtime>
<snpa>88:e0:f3:1e:a6:b0</snpa>
</isis-adjacency>
<isis-adjacency>
<interface-name>ae0.3</interface-name>
<system-name>bedrock-scale2</system-name>
<level>2</level>
<adjacency-state>Up</adjacency-state>
<holdtime>2</holdtime>
<snpa>88:e0:f3:1e:a6:b0</snpa>
</isis-adjacency>
<isis-adjacency>
<interface-name>ae0.4</interface-name>
<system-name>bedrock-scale2</system-name>
<level>1</level>
<adjacency-state>Up</adjacency-state>
<holdtime>6</holdtime>
<snpa>88:e0:f3:1e:a6:b0</snpa>
</isis-adjacency>
<isis-adjacency>
<interface-name>ae0.4</interface-name>
<system-name>bedrock-scale2</system-name>
<level>2</level>
<adjacency-state>Up</adjacency-state>
<holdtime>2</holdtime>
<snpa>88:e0:f3:1e:a6:b0</snpa>
</isis-adjacency>
<isis-adjacency>
<interface-name>ae0.5</interface-name>
<system-name>bedrock-scale2</system-name>
<level>1</level>
<adjacency-state>Up</adjacency-state>
<holdtime>8</holdtime>
<snpa>88:e0:f3:1e:a6:b0</snpa>
</isis-adjacency>
<isis-adjacency>
<interface-name>ae0.5</interface-name>
<system-name>bedrock-scale2</system-name>
<level>2</level>
<adjacency-state>Up</adjacency-state>
<holdtime>2</holdtime>
<snpa>88:e0:f3:1e:a6:b0</snpa>
</isis-adjacency>
<isis-adjacency>
<interface-name>ae0.6</interface-name>
<system-name>bedrock-scale2</system-name>
<level>1</level>
<adjacency-state>Up</adjacency-state>
<holdtime>8</holdtime>
<snpa>88:e0:f3:1e:a6:b0</snpa>
</isis-adjacency>
<isis-adjacency>
<interface-name>ae0.6</interface-name>
<system-name>bedrock-scale2</system-name>
<level>2</level>
<adjacency-state>Up</adjacency-state>
<holdtime>2</holdtime>
<snpa>88:e0:f3:1e:a6:b0</snpa>
</isis-adjacency>
<isis-adjacency>
<interface-name>ae0.7</interface-name>
<system-name>bedrock-scale2</system-name>
<level>1</level>
<adjacency-state>Up</adjacency-state>
<holdtime>6</holdtime>
<snpa>88:e0:f3:1e:a6:b0</snpa>
</isis-adjacency>
<isis-adjacency>
<interface-name>ae0.7</interface-name>
<system-name>bedrock-scale2</system-name>
<level>2</level>
<adjacency-state>Up</adjacency-state>
<holdtime>2</holdtime>
<snpa>88:e0:f3:1e:a6:b0</snpa>
</isis-adjacency>
<isis-adjacency>
<interface-name>ae0.8</interface-name>
<system-name>bedrock-scale2</system-name>
<level>1</level>
<adjacency-state>Up</adjacency-state>
<holdtime>6</holdtime>
<snpa>88:e0:f3:1e:a6:b0</snpa>
</isis-adjacency>
<isis-adjacency>
<interface-name>ae0.8</interface-name>
<system-name>bedrock-scale2</system-name>
<level>2</level>
<adjacency-state>Up</adjacency-state>
<holdtime>2</holdtime>
<snpa>88:e0:f3:1e:a6:b0</snpa>
</isis-adjacency>
<isis-adjacency>
<interface-name>ae0.9</interface-name>
<system-name>bedrock-scale2</system-name>
<level>1</level>
<adjacency-state>Up</adjacency-state>
<holdtime>8</holdtime>
<snpa>88:e0:f3:1e:a6:b0</snpa>
</isis-adjacency>
<isis-adjacency>
<interface-name>ae0.9</interface-name>
<system-name>bedrock-scale2</system-name>
<level>2</level>
<adjacency-state>Up</adjacency-state>
<holdtime>2</holdtime>
<snpa>88:e0:f3:1e:a6:b0</snpa>
</isis-adjacency>
</isis-adjacency-information>


[2016-09-01 03:58:19] [log():70:host.py] INFO: command: show ospf interface irb.1 detail
[2016-09-01 03:58:19] [log():70:host.py] INFO: response: <ospf-interface-information>
<ospf-interface>
<interface-name>irb.1</interface-name>
<ospf-interface-state>BDR</ospf-interface-state>
<ospf-area>0.0.0.0</ospf-area>
<dr-id>2.2.2.2</dr-id>
<bdr-id>1.1.1.1</bdr-id>
<neighbor-count>1</neighbor-count>
<interface-type>LAN</interface-type>
<interface-address>11.0.1.1</interface-address>
<address-mask>255.255.255.0</address-mask>
<mtu>1500</mtu>
<interface-cost>1</interface-cost>
<dr-address>11.0.1.2</dr-address>
<bdr-address>11.0.1.1</bdr-address>
<router-priority>128</router-priority>
<adj-count>1</adj-count>
<hello-interval>1</hello-interval>
<dead-interval>4</dead-interval>
<retransmit-interval>5</retransmit-interval>
<ospf-stub-type>Not Stub</ospf-stub-type>
<authentication-type>None</authentication-type>
<ospf-interface-protection-type>None</ospf-interface-protection-type>
<ospf-interface-topology>
<ospf-topology-name>default</ospf-topology-name>
<ospf-topology-id>0</ospf-topology-id>
<ospf-topology-metric>1</ospf-topology-metric>
</ospf-interface-topology>
</ospf-interface>
</ospf-interface-information>


[2016-09-01 03:58:19] [log():70:host.py] INFO: command: show ospf interface irb.2 detail
[2016-09-01 03:58:19] [log():70:host.py] INFO: response: <ospf-interface-information>
<ospf-interface>
<interface-name>irb.2</interface-name>
<ospf-interface-state>BDR</ospf-interface-state>
<ospf-area>0.0.0.0</ospf-area>
<dr-id>2.2.2.2</dr-id>
<bdr-id>1.1.1.1</bdr-id>
<neighbor-count>1</neighbor-count>
<interface-type>LAN</interface-type>
<interface-address>11.0.2.1</interface-address>
<address-mask>255.255.255.0</address-mask>
<mtu>1500</mtu>
<interface-cost>1</interface-cost>
<dr-address>11.0.2.2</dr-address>
<bdr-address>11.0.2.1</bdr-address>
<router-priority>128</router-priority>
<adj-count>1</adj-count>
<hello-interval>1</hello-interval>
<dead-interval>4</dead-interval>
<retransmit-interval>5</retransmit-interval>
<ospf-stub-type>Not Stub</ospf-stub-type>
<authentication-type>None</authentication-type>
<ospf-interface-protection-type>None</ospf-interface-protection-type>
<ospf-interface-topology>
<ospf-topology-name>default</ospf-topology-name>
<ospf-topology-id>0</ospf-topology-id>
<ospf-topology-metric>1</ospf-topology-metric>
</ospf-interface-topology>
</ospf-interface>
</ospf-interface-information>


[2016-09-01 03:58:19] [log():70:host.py] INFO: command: show ospf interface irb.3 detail
[2016-09-01 03:58:19] [log():70:host.py] INFO: response: <ospf-interface-information>
<ospf-interface>
<interface-name>irb.3</interface-name>
<ospf-interface-state>BDR</ospf-interface-state>
<ospf-area>0.0.0.0</ospf-area>
<dr-id>2.2.2.2</dr-id>
<bdr-id>1.1.1.1</bdr-id>
<neighbor-count>1</neighbor-count>
<interface-type>LAN</interface-type>
<interface-address>11.0.3.1</interface-address>
<address-mask>255.255.255.0</address-mask>
<mtu>1500</mtu>
<interface-cost>1</interface-cost>
<dr-address>11.0.3.2</dr-address>
<bdr-address>11.0.3.1</bdr-address>
<router-priority>128</router-priority>
<adj-count>1</adj-count>
<hello-interval>1</hello-interval>
<dead-interval>4</dead-interval>
<retransmit-interval>5</retransmit-interval>
<ospf-stub-type>Not Stub</ospf-stub-type>
<authentication-type>None</authentication-type>
<ospf-interface-protection-type>None</ospf-interface-protection-type>
<ospf-interface-topology>
<ospf-topology-name>default</ospf-topology-name>
<ospf-topology-id>0</ospf-topology-id>
<ospf-topology-metric>1</ospf-topology-metric>
</ospf-interface-topology>
</ospf-interface>
</ospf-interface-information>


[2016-09-01 03:58:19] [log():70:host.py] INFO: command: show ospf interface irb.4 detail
[2016-09-01 03:58:19] [log():70:host.py] INFO: response: <ospf-interface-information>
<ospf-interface>
<interface-name>irb.4</interface-name>
<ospf-interface-state>BDR</ospf-interface-state>
<ospf-area>0.0.0.0</ospf-area>
<dr-id>2.2.2.2</dr-id>
<bdr-id>1.1.1.1</bdr-id>
<neighbor-count>1</neighbor-count>
<interface-type>LAN</interface-type>
<interface-address>11.0.4.1</interface-address>
<address-mask>255.255.255.0</address-mask>
<mtu>1500</mtu>
<interface-cost>1</interface-cost>
<dr-address>11.0.4.2</dr-address>
<bdr-address>11.0.4.1</bdr-address>
<router-priority>128</router-priority>
<adj-count>1</adj-count>
<hello-interval>1</hello-interval>
<dead-interval>4</dead-interval>
<retransmit-interval>5</retransmit-interval>
<ospf-stub-type>Not Stub</ospf-stub-type>
<authentication-type>None</authentication-type>
<ospf-interface-protection-type>None</ospf-interface-protection-type>
<ospf-interface-topology>
<ospf-topology-name>default</ospf-topology-name>
<ospf-topology-id>0</ospf-topology-id>
<ospf-topology-metric>1</ospf-topology-metric>
</ospf-interface-topology>
</ospf-interface>
</ospf-interface-information>


[2016-09-01 03:58:19] [log():70:host.py] INFO: command: show ospf neighbor
[2016-09-01 03:58:19] [log():70:host.py] INFO: response: <ospf-neighbor-information>
<ospf-neighbor>
<neighbor-address>11.0.1.2</neighbor-address>
<interface-name>irb.1</interface-name>
<ospf-neighbor-state>Full</ospf-neighbor-state>
<neighbor-id>2.2.2.2</neighbor-id>
<neighbor-priority>128</neighbor-priority>
<activity-timer>3</activity-timer>
</ospf-neighbor>
<ospf-neighbor>
<neighbor-address>11.0.10.2</neighbor-address>
<interface-name>irb.10</interface-name>
<ospf-neighbor-state>Full</ospf-neighbor-state>
<neighbor-id>2.2.2.2</neighbor-id>
<neighbor-priority>128</neighbor-priority>
<activity-timer>3</activity-timer>
</ospf-neighbor>
<ospf-neighbor>
<neighbor-address>11.0.2.2</neighbor-address>
<interface-name>irb.2</interface-name>
<ospf-neighbor-state>Full</ospf-neighbor-state>
<neighbor-id>2.2.2.2</neighbor-id>
<neighbor-priority>128</neighbor-priority>
<activity-timer>3</activity-timer>
</ospf-neighbor>
<ospf-neighbor>
<neighbor-address>11.0.3.2</neighbor-address>
<interface-name>irb.3</interface-name>
<ospf-neighbor-state>Full</ospf-neighbor-state>
<neighbor-id>2.2.2.2</neighbor-id>
<neighbor-priority>128</neighbor-priority>
<activity-timer>3</activity-timer>
</ospf-neighbor>
<ospf-neighbor>
<neighbor-address>11.0.4.2</neighbor-address>
<interface-name>irb.4</interface-name>
<ospf-neighbor-state>Full</ospf-neighbor-state>
<neighbor-id>2.2.2.2</neighbor-id>
<neighbor-priority>128</neighbor-priority>
<activity-timer>3</activity-timer>
</ospf-neighbor>
<ospf-neighbor>
<neighbor-address>11.0.5.2</neighbor-address>
<interface-name>irb.5</interface-name>
<ospf-neighbor-state>Full</ospf-neighbor-state>
<neighbor-id>2.2.2.2</neighbor-id>
<neighbor-priority>128</neighbor-priority>
<activity-timer>3</activity-timer>
</ospf-neighbor>
<ospf-neighbor>
<neighbor-address>11.0.6.2</neighbor-address>
<interface-name>irb.6</interface-name>
<ospf-neighbor-state>Full</ospf-neighbor-state>
<neighbor-id>2.2.2.2</neighbor-id>
<neighbor-priority>128</neighbor-priority>
<activity-timer>3</activity-timer>
</ospf-neighbor>
<ospf-neighbor>
<neighbor-address>11.0.7.2</neighbor-address>
<interface-name>irb.7</interface-name>
<ospf-neighbor-state>Full</ospf-neighbor-state>
<neighbor-id>2.2.2.2</neighbor-id>
<neighbor-priority>128</neighbor-priority>
<activity-timer>3</activity-timer>
</ospf-neighbor>
<ospf-neighbor>
<neighbor-address>11.0.8.2</neighbor-address>
<interface-name>irb.8</interface-name>
<ospf-neighbor-state>Full</ospf-neighbor-state>
<neighbor-id>2.2.2.2</neighbor-id>
<neighbor-priority>128</neighbor-priority>
<activity-timer>3</activity-timer>
</ospf-neighbor>
<ospf-neighbor>
<neighbor-address>11.0.9.2</neighbor-address>
<interface-name>irb.9</interface-name>
<ospf-neighbor-state>Full</ospf-neighbor-state>
<neighbor-id>2.2.2.2</neighbor-id>
<neighbor-priority>128</neighbor-priority>
<activity-timer>3</activity-timer>
</ospf-neighbor>
</ospf-neighbor-information>


[2016-09-01 03:58:21] [log():70:host.py] INFO: command: show ospf interface irb.1 detail
[2016-09-01 03:58:21] [log():70:host.py] INFO: response: <ospf-interface-information>
<ospf-interface>
<interface-name>irb.1</interface-name>
<ospf-interface-state>BDR</ospf-interface-state>
<ospf-area>0.0.0.0</ospf-area>
<dr-id>2.2.2.2</dr-id>
<bdr-id>1.1.1.1</bdr-id>
<neighbor-count>1</neighbor-count>
<interface-type>LAN</interface-type>
<interface-address>11.0.1.1</interface-address>
<address-mask>255.255.255.0</address-mask>
<mtu>1500</mtu>
<interface-cost>1</interface-cost>
<dr-address>11.0.1.2</dr-address>
<bdr-address>11.0.1.1</bdr-address>
<router-priority>128</router-priority>
<adj-count>1</adj-count>
<hello-interval>20</hello-interval>
<dead-interval>80</dead-interval>
<retransmit-interval>5</retransmit-interval>
<ospf-stub-type>Not Stub</ospf-stub-type>
<authentication-type>None</authentication-type>
<ospf-interface-protection-type>None</ospf-interface-protection-type>
<ospf-interface-topology>
<ospf-topology-name>default</ospf-topology-name>
<ospf-topology-id>0</ospf-topology-id>
<ospf-topology-metric>1</ospf-topology-metric>
</ospf-interface-topology>
</ospf-interface>
</ospf-interface-information>


[2016-09-01 03:58:21] [log():70:host.py] INFO: command: show isis adjacency
[2016-09-01 03:58:21] [log():70:host.py] INFO: response: <isis-adjacency-information style="brief">
<isis-adjacency>
<interface-name>ae0.1</interface-name>
<system-name>bedrock-scale2</system-name>
<level>1</level>
<adjacency-state>Up</adjacency-state>
<holdtime>8</holdtime>
<snpa>88:e0:f3:1e:a6:b0</snpa>
</isis-adjacency>
<isis-adjacency>
<interface-name>ae0.1</interface-name>
<system-name>bedrock-scale2</system-name>
<level>2</level>
<adjacency-state>Up</adjacency-state>
<holdtime>2</holdtime>
<snpa>88:e0:f3:1e:a6:b0</snpa>
</isis-adjacency>
<isis-adjacency>
<interface-name>ae0.10</interface-name>
<system-name>bedrock-scale2</system-name>
<level>1</level>
<adjacency-state>Up</adjacency-state>
<holdtime>8</holdtime>
<snpa>88:e0:f3:1e:a6:b0</snpa>
</isis-adjacency>
<isis-adjacency>
<interface-name>ae0.10</interface-name>
<system-name>bedrock-scale2</system-name>
<level>2</level>
<adjacency-state>Up</adjacency-state>
<holdtime>2</holdtime>
<snpa>88:e0:f3:1e:a6:b0</snpa>
</isis-adjacency>
<isis-adjacency>
<interface-name>ae0.2</interface-name>
<system-name>bedrock-scale2</system-name>
<level>1</level>
<adjacency-state>Up</adjacency-state>
<holdtime>8</holdtime>
<snpa>88:e0:f3:1e:a6:b0</snpa>
</isis-adjacency>
<isis-adjacency>
<interface-name>ae0.2</interface-name>
<system-name>bedrock-scale2</system-name>
<level>2</level>
<adjacency-state>Up</adjacency-state>
<holdtime>2</holdtime>
<snpa>88:e0:f3:1e:a6:b0</snpa>
</isis-adjacency>
<isis-adjacency>
<interface-name>ae0.3</interface-name>
<system-name>bedrock-scale2</system-name>
<level>1</level>
<adjacency-state>Up</adjacency-state>
<holdtime>8</holdtime>
<snpa>88:e0:f3:1e:a6:b0</snpa>
</isis-adjacency>
<isis-adjacency>
<interface-name>ae0.3</interface-name>
<system-name>bedrock-scale2</system-name>
<level>2</level>
<adjacency-state>Up</adjacency-state>
<holdtime>2</holdtime>
<snpa>88:e0:f3:1e:a6:b0</snpa>
</isis-adjacency>
<isis-adjacency>
<interface-name>ae0.4</interface-name>
<system-name>bedrock-scale2</system-name>
<level>1</level>
<adjacency-state>Up</adjacency-state>
<holdtime>8</holdtime>
<snpa>88:e0:f3:1e:a6:b0</snpa>
</isis-adjacency>
<isis-adjacency>
<interface-name>ae0.4</interface-name>
<system-name>bedrock-scale2</system-name>
<level>2</level>
<adjacency-state>Up</adjacency-state>
<holdtime>2</holdtime>
<snpa>88:e0:f3:1e:a6:b0</snpa>
</isis-adjacency>
<isis-adjacency>
<interface-name>ae0.5</interface-name>
<system-name>bedrock-scale2</system-name>
<level>1</level>
<adjacency-state>Up</adjacency-state>
<holdtime>8</holdtime>
<snpa>88:e0:f3:1e:a6:b0</snpa>
</isis-adjacency>
<isis-adjacency>
<interface-name>ae0.5</interface-name>
<system-name>bedrock-scale2</system-name>
<level>2</level>
<adjacency-state>Up</adjacency-state>
<holdtime>2</holdtime>
<snpa>88:e0:f3:1e:a6:b0</snpa>
</isis-adjacency>
<isis-adjacency>
<interface-name>ae0.6</interface-name>
<system-name>bedrock-scale2</system-name>
<level>1</level>
<adjacency-state>Up</adjacency-state>
<holdtime>8</holdtime>
<snpa>88:e0:f3:1e:a6:b0</snpa>
</isis-adjacency>
<isis-adjacency>
<interface-name>ae0.6</interface-name>
<system-name>bedrock-scale2</system-name>
<level>2</level>
<adjacency-state>Up</adjacency-state>
<holdtime>2</holdtime>
<snpa>88:e0:f3:1e:a6:b0</snpa>
</isis-adjacency>
<isis-adjacency>
<interface-name>ae0.7</interface-name>
<system-name>bedrock-scale2</system-name>
<level>1</level>
<adjacency-state>Up</adjacency-state>
<holdtime>8</holdtime>
<snpa>88:e0:f3:1e:a6:b0</snpa>
</isis-adjacency>
<isis-adjacency>
<interface-name>ae0.7</interface-name>
<system-name>bedrock-scale2</system-name>
<level>2</level>
<adjacency-state>Up</adjacency-state>
<holdtime>2</holdtime>
<snpa>88:e0:f3:1e:a6:b0</snpa>
</isis-adjacency>
<isis-adjacency>
<interface-name>ae0.8</interface-name>
<system-name>bedrock-scale2</system-name>
<level>1</level>
<adjacency-state>Up</adjacency-state>
<holdtime>8</holdtime>
<snpa>88:e0:f3:1e:a6:b0</snpa>
</isis-adjacency>
<isis-adjacency>
<interface-name>ae0.8</interface-name>
<system-name>bedrock-scale2</system-name>
<level>2</level>
<adjacency-state>Up</adjacency-state>
<holdtime>2</holdtime>
<snpa>88:e0:f3:1e:a6:b0</snpa>
</isis-adjacency>
<isis-adjacency>
<interface-name>ae0.9</interface-name>
<system-name>bedrock-scale2</system-name>
<level>1</level>
<adjacency-state>Up</adjacency-state>
<holdtime>8</holdtime>
<snpa>88:e0:f3:1e:a6:b0</snpa>
</isis-adjacency>
<isis-adjacency>
<interface-name>ae0.9</interface-name>
<system-name>bedrock-scale2</system-name>
<level>2</level>
<adjacency-state>Up</adjacency-state>
<holdtime>2</holdtime>
<snpa>88:e0:f3:1e:a6:b0</snpa>
</isis-adjacency>
</isis-adjacency-information>


